INFO:__main__:Enhanced ML components available
INFO:     Will watch for changes in these directories: ['/home/deginandor/Documents/Programming/Sup/spam_detection']
INFO:     Uvicorn running on http://0.0.0.0:8082 (Press CTRL+C to quit)
INFO:     Started reloader process [15648] using WatchFiles
Starting Enhanced Spam Detection Server...
Server will be available at: http://localhost:8082
API Documentation at: http://localhost:8082/docs
INFO:__mp_main__:Enhanced ML components available
INFO:server:Enhanced ML components available
INFO:     Started server process [15727]
INFO:     Waiting for application startup.
INFO:server:Starting enhanced spam detection microservice...
INFO:server:Found 2 model files
INFO:server:Enhanced ML models loaded successfully
INFO:     Application startup complete.
INFO:watchfiles.main:1 change detected
INFO:watchfiles.main:1 change detected
INFO:watchfiles.main:1 change detected
INFO:     127.0.0.1:45628 - "GET /health HTTP/1.1" 200 OK
INFO:watchfiles.main:1 change detected
INFO:watchfiles.main:1 change detected
INFO:watchfiles.main:1 change detected
INFO:watchfiles.main:1 change detected
INFO:watchfiles.main:1 change detected
INFO:watchfiles.main:1 change detected
INFO:watchfiles.main:1 change detected
INFO:watchfiles.main:1 change detected
INFO:watchfiles.main:1 change detected
INFO:watchfiles.main:1 change detected
INFO:watchfiles.main:1 change detected
INFO:watchfiles.main:1 change detected
INFO:watchfiles.main:1 change detected
INFO:watchfiles.main:1 change detected
INFO:watchfiles.main:1 change detected
INFO:watchfiles.main:1 change detected
INFO:watchfiles.main:1 change detected
INFO:watchfiles.main:1 change detected
INFO:watchfiles.main:1 change detected
INFO:watchfiles.main:1 change detected
INFO:watchfiles.main:1 change detected
INFO:watchfiles.main:1 change detected
INFO:watchfiles.main:1 change detected
INFO:watchfiles.main:1 change detected
INFO:watchfiles.main:1 change detected
INFO:watchfiles.main:1 change detected
INFO:watchfiles.main:1 change detected
INFO:watchfiles.main:1 change detected
INFO:watchfiles.main:1 change detected
INFO:watchfiles.main:1 change detected
INFO:watchfiles.main:1 change detected
INFO:watchfiles.main:1 change detected
INFO:watchfiles.main:1 change detected
INFO:watchfiles.main:1 change detected
INFO:watchfiles.main:1 change detected
INFO:watchfiles.main:1 change detected
INFO:watchfiles.main:1 change detected
INFO:watchfiles.main:1 change detected
INFO:watchfiles.main:1 change detected
INFO:watchfiles.main:1 change detected
INFO:watchfiles.main:1 change detected
INFO:watchfiles.main:1 change detected
INFO:watchfiles.main:1 change detected
INFO:watchfiles.main:1 change detected
INFO:watchfiles.main:1 change detected
INFO:watchfiles.main:1 change detected
INFO:watchfiles.main:1 change detected
INFO:watchfiles.main:1 change detected
INFO:watchfiles.main:1 change detected
INFO:watchfiles.main:1 change detected
INFO:watchfiles.main:1 change detected
INFO:watchfiles.main:1 change detected
INFO:watchfiles.main:1 change detected
INFO:watchfiles.main:1 change detected
INFO:watchfiles.main:1 change detected
INFO:watchfiles.main:1 change detected
INFO:watchfiles.main:1 change detected
INFO:watchfiles.main:1 change detected
INFO:watchfiles.main:1 change detected
INFO:watchfiles.main:1 change detected
INFO:watchfiles.main:1 change detected
INFO:watchfiles.main:1 change detected
INFO:watchfiles.main:1 change detected
INFO:watchfiles.main:1 change detected
INFO:watchfiles.main:1 change detected
INFO:watchfiles.main:1 change detected
INFO:     127.0.0.1:55628 - "GET /health HTTP/1.1" 200 OK
INFO:watchfiles.main:1 change detected
INFO:watchfiles.main:1 change detected
INFO:watchfiles.main:1 change detected
INFO:watchfiles.main:1 change detected
INFO:watchfiles.main:1 change detected
INFO:watchfiles.main:1 change detected
INFO:watchfiles.main:1 change detected
INFO:watchfiles.main:1 change detected
INFO:watchfiles.main:1 change detected
INFO:watchfiles.main:1 change detected
INFO:watchfiles.main:1 change detected
INFO:watchfiles.main:1 change detected
INFO:watchfiles.main:1 change detected
INFO:watchfiles.main:1 change detected
INFO:watchfiles.main:1 change detected
INFO:watchfiles.main:1 change detected
INFO:watchfiles.main:1 change detected
INFO:watchfiles.main:1 change detected
INFO:watchfiles.main:1 change detected
INFO:watchfiles.main:1 change detected
INFO:watchfiles.main:1 change detected
INFO:watchfiles.main:1 change detected
INFO:watchfiles.main:1 change detected
INFO:watchfiles.main:1 change detected
INFO:watchfiles.main:1 change detected
INFO:watchfiles.main:1 change detected
INFO:watchfiles.main:1 change detected
INFO:watchfiles.main:1 change detected
INFO:watchfiles.main:1 change detected
INFO:watchfiles.main:1 change detected
INFO:watchfiles.main:1 change detected
INFO:watchfiles.main:1 change detected
INFO:watchfiles.main:1 change detected
INFO:watchfiles.main:1 change detected
INFO:watchfiles.main:1 change detected
INFO:watchfiles.main:1 change detected
INFO:watchfiles.main:1 change detected
INFO:watchfiles.main:1 change detected
INFO:watchfiles.main:1 change detected
INFO:watchfiles.main:1 change detected
INFO:watchfiles.main:1 change detected
INFO:watchfiles.main:1 change detected
INFO:watchfiles.main:1 change detected
INFO:watchfiles.main:1 change detected
INFO:watchfiles.main:1 change detected
INFO:watchfiles.main:1 change detected
INFO:watchfiles.main:1 change detected
INFO:watchfiles.main:1 change detected
INFO:watchfiles.main:1 change detected
INFO:watchfiles.main:1 change detected
INFO:watchfiles.main:1 change detected
INFO:watchfiles.main:1 change detected
INFO:watchfiles.main:1 change detected
INFO:watchfiles.main:1 change detected
INFO:watchfiles.main:1 change detected
INFO:watchfiles.main:1 change detected
INFO:watchfiles.main:1 change detected
INFO:watchfiles.main:1 change detected
INFO:watchfiles.main:1 change detected
INFO:watchfiles.main:1 change detected
INFO:watchfiles.main:1 change detected
INFO:watchfiles.main:1 change detected
INFO:watchfiles.main:1 change detected
INFO:watchfiles.main:1 change detected
INFO:     127.0.0.1:35080 - "GET /health HTTP/1.1" 200 OK
INFO:watchfiles.main:1 change detected
INFO:watchfiles.main:1 change detected
INFO:watchfiles.main:1 change detected
INFO:watchfiles.main:1 change detected
INFO:watchfiles.main:1 change detected
INFO:watchfiles.main:1 change detected
INFO:watchfiles.main:1 change detected
INFO:watchfiles.main:1 change detected
INFO:watchfiles.main:1 change detected
INFO:watchfiles.main:1 change detected
INFO:watchfiles.main:1 change detected
INFO:watchfiles.main:1 change detected
INFO:watchfiles.main:1 change detected
INFO:watchfiles.main:1 change detected
INFO:watchfiles.main:1 change detected
INFO:watchfiles.main:1 change detected
INFO:watchfiles.main:1 change detected
INFO:watchfiles.main:1 change detected
INFO:watchfiles.main:1 change detected
INFO:watchfiles.main:1 change detected
INFO:watchfiles.main:1 change detected
INFO:watchfiles.main:1 change detected
INFO:watchfiles.main:1 change detected
INFO:watchfiles.main:1 change detected
INFO:watchfiles.main:1 change detected
INFO:watchfiles.main:1 change detected
INFO:watchfiles.main:1 change detected
INFO:watchfiles.main:1 change detected
INFO:watchfiles.main:1 change detected
INFO:watchfiles.main:1 change detected
INFO:watchfiles.main:1 change detected
INFO:watchfiles.main:1 change detected
INFO:watchfiles.main:1 change detected
INFO:watchfiles.main:1 change detected
INFO:watchfiles.main:1 change detected
INFO:watchfiles.main:1 change detected
INFO:watchfiles.main:1 change detected
INFO:watchfiles.main:1 change detected
INFO:watchfiles.main:1 change detected
INFO:watchfiles.main:1 change detected
INFO:watchfiles.main:1 change detected
INFO:watchfiles.main:1 change detected
INFO:watchfiles.main:1 change detected
INFO:watchfiles.main:1 change detected
INFO:watchfiles.main:1 change detected
INFO:watchfiles.main:1 change detected
INFO:watchfiles.main:1 change detected
INFO:watchfiles.main:1 change detected
INFO:watchfiles.main:1 change detected
INFO:watchfiles.main:1 change detected
INFO:watchfiles.main:1 change detected
INFO:watchfiles.main:1 change detected
INFO:watchfiles.main:1 change detected
INFO:watchfiles.main:1 change detected
INFO:watchfiles.main:1 change detected
INFO:watchfiles.main:1 change detected
INFO:watchfiles.main:1 change detected
INFO:watchfiles.main:1 change detected
INFO:watchfiles.main:1 change detected
INFO:watchfiles.main:1 change detected
INFO:watchfiles.main:1 change detected
INFO:watchfiles.main:1 change detected
INFO:watchfiles.main:1 change detected
INFO:watchfiles.main:1 change detected
INFO:watchfiles.main:1 change detected
INFO:watchfiles.main:1 change detected
INFO:watchfiles.main:1 change detected
INFO:watchfiles.main:1 change detected
INFO:watchfiles.main:1 change detected
INFO:watchfiles.main:1 change detected
INFO:watchfiles.main:1 change detected
INFO:watchfiles.main:1 change detected
INFO:watchfiles.main:1 change detected
INFO:watchfiles.main:1 change detected
INFO:watchfiles.main:1 change detected
INFO:watchfiles.main:1 change detected
INFO:watchfiles.main:1 change detected
INFO:watchfiles.main:1 change detected
INFO:watchfiles.main:1 change detected
INFO:watchfiles.main:1 change detected
INFO:watchfiles.main:1 change detected
INFO:watchfiles.main:1 change detected
INFO:watchfiles.main:1 change detected
INFO:watchfiles.main:1 change detected
INFO:watchfiles.main:1 change detected
INFO:watchfiles.main:1 change detected
INFO:watchfiles.main:1 change detected
INFO:watchfiles.main:1 change detected
INFO:watchfiles.main:1 change detected
INFO:watchfiles.main:1 change detected
INFO:watchfiles.main:1 change detected
INFO:watchfiles.main:1 change detected
INFO:watchfiles.main:1 change detected
INFO:watchfiles.main:1 change detected
INFO:watchfiles.main:1 change detected
INFO:watchfiles.main:1 change detected
INFO:watchfiles.main:1 change detected
INFO:watchfiles.main:1 change detected
INFO:watchfiles.main:1 change detected
INFO:watchfiles.main:1 change detected
INFO:watchfiles.main:1 change detected
INFO:watchfiles.main:1 change detected
INFO:watchfiles.main:1 change detected
INFO:watchfiles.main:1 change detected
INFO:watchfiles.main:1 change detected
INFO:watchfiles.main:1 change detected
INFO:watchfiles.main:1 change detected
INFO:watchfiles.main:1 change detected
INFO:watchfiles.main:1 change detected
INFO:watchfiles.main:1 change detected
INFO:watchfiles.main:1 change detected
INFO:watchfiles.main:1 change detected
INFO:watchfiles.main:1 change detected
INFO:watchfiles.main:1 change detected
INFO:watchfiles.main:1 change detected
INFO:watchfiles.main:1 change detected
INFO:watchfiles.main:1 change detected
INFO:watchfiles.main:1 change detected
INFO:watchfiles.main:1 change detected
INFO:watchfiles.main:1 change detected
INFO:watchfiles.main:1 change detected
INFO:watchfiles.main:1 change detected
INFO:watchfiles.main:1 change detected
INFO:watchfiles.main:1 change detected
INFO:watchfiles.main:1 change detected
INFO:watchfiles.main:1 change detected
INFO:watchfiles.main:1 change detected
INFO:watchfiles.main:1 change detected
INFO:watchfiles.main:1 change detected
INFO:watchfiles.main:1 change detected
INFO:watchfiles.main:1 change detected
INFO:watchfiles.main:1 change detected
INFO:watchfiles.main:1 change detected
INFO:watchfiles.main:1 change detected
INFO:watchfiles.main:1 change detected
INFO:watchfiles.main:1 change detected
INFO:watchfiles.main:1 change detected
INFO:watchfiles.main:1 change detected
INFO:watchfiles.main:1 change detected
INFO:watchfiles.main:1 change detected
INFO:watchfiles.main:1 change detected
INFO:watchfiles.main:1 change detected
INFO:watchfiles.main:1 change detected
INFO:watchfiles.main:1 change detected
INFO:watchfiles.main:1 change detected
INFO:watchfiles.main:1 change detected
INFO:watchfiles.main:1 change detected
INFO:watchfiles.main:1 change detected
INFO:watchfiles.main:1 change detected
INFO:watchfiles.main:1 change detected
INFO:watchfiles.main:1 change detected
INFO:watchfiles.main:1 change detected
INFO:watchfiles.main:1 change detected
INFO:watchfiles.main:1 change detected
INFO:watchfiles.main:1 change detected
INFO:watchfiles.main:1 change detected
INFO:watchfiles.main:1 change detected
INFO:watchfiles.main:1 change detected
INFO:watchfiles.main:1 change detected
INFO:watchfiles.main:1 change detected
INFO:watchfiles.main:1 change detected
INFO:watchfiles.main:1 change detected
INFO:watchfiles.main:1 change detected
INFO:watchfiles.main:1 change detected
INFO:watchfiles.main:1 change detected
INFO:watchfiles.main:1 change detected
INFO:watchfiles.main:1 change detected
INFO:watchfiles.main:1 change detected
INFO:watchfiles.main:1 change detected
INFO:watchfiles.main:1 change detected
INFO:watchfiles.main:1 change detected
INFO:watchfiles.main:1 change detected
INFO:watchfiles.main:1 change detected
INFO:watchfiles.main:1 change detected
INFO:watchfiles.main:1 change detected
INFO:watchfiles.main:1 change detected
INFO:watchfiles.main:1 change detected
INFO:watchfiles.main:1 change detected
INFO:watchfiles.main:1 change detected
INFO:watchfiles.main:1 change detected
INFO:watchfiles.main:1 change detected
INFO:watchfiles.main:1 change detected
INFO:watchfiles.main:1 change detected
INFO:watchfiles.main:1 change detected
INFO:watchfiles.main:1 change detected
INFO:watchfiles.main:1 change detected
INFO:watchfiles.main:1 change detected
INFO:watchfiles.main:1 change detected
INFO:watchfiles.main:1 change detected
INFO:watchfiles.main:1 change detected
INFO:watchfiles.main:1 change detected
INFO:watchfiles.main:1 change detected
INFO:watchfiles.main:1 change detected
INFO:watchfiles.main:1 change detected
INFO:watchfiles.main:1 change detected
INFO:watchfiles.main:1 change detected
INFO:watchfiles.main:1 change detected
INFO:watchfiles.main:1 change detected
INFO:watchfiles.main:1 change detected
INFO:watchfiles.main:1 change detected
INFO:watchfiles.main:1 change detected
INFO:watchfiles.main:1 change detected
INFO:watchfiles.main:1 change detected
INFO:watchfiles.main:1 change detected
INFO:watchfiles.main:1 change detected
INFO:watchfiles.main:1 change detected
INFO:watchfiles.main:1 change detected
INFO:watchfiles.main:1 change detected
INFO:watchfiles.main:1 change detected
INFO:watchfiles.main:1 change detected
INFO:watchfiles.main:1 change detected
INFO:watchfiles.main:1 change detected
INFO:watchfiles.main:1 change detected
INFO:watchfiles.main:1 change detected
INFO:watchfiles.main:1 change detected
INFO:watchfiles.main:1 change detected
INFO:watchfiles.main:1 change detected
INFO:watchfiles.main:1 change detected
INFO:watchfiles.main:1 change detected
INFO:watchfiles.main:1 change detected
INFO:watchfiles.main:1 change detected
INFO:watchfiles.main:1 change detected
INFO:watchfiles.main:1 change detected
INFO:watchfiles.main:1 change detected
INFO:watchfiles.main:1 change detected
INFO:watchfiles.main:1 change detected
INFO:watchfiles.main:1 change detected
INFO:watchfiles.main:1 change detected
INFO:watchfiles.main:1 change detected
INFO:watchfiles.main:1 change detected
INFO:watchfiles.main:1 change detected
INFO:watchfiles.main:1 change detected
INFO:watchfiles.main:1 change detected
INFO:watchfiles.main:1 change detected
INFO:watchfiles.main:1 change detected
INFO:watchfiles.main:1 change detected
INFO:watchfiles.main:1 change detected
INFO:watchfiles.main:1 change detected
INFO:watchfiles.main:1 change detected
INFO:watchfiles.main:1 change detected
INFO:watchfiles.main:1 change detected
INFO:watchfiles.main:1 change detected
INFO:watchfiles.main:1 change detected
INFO:watchfiles.main:1 change detected
INFO:watchfiles.main:1 change detected
INFO:watchfiles.main:1 change detected
INFO:watchfiles.main:1 change detected
INFO:watchfiles.main:1 change detected
INFO:watchfiles.main:1 change detected
INFO:watchfiles.main:1 change detected
INFO:watchfiles.main:1 change detected
INFO:watchfiles.main:1 change detected
INFO:watchfiles.main:1 change detected
INFO:watchfiles.main:1 change detected
INFO:watchfiles.main:1 change detected
INFO:watchfiles.main:1 change detected
INFO:watchfiles.main:1 change detected
INFO:watchfiles.main:1 change detected
INFO:watchfiles.main:1 change detected
INFO:watchfiles.main:1 change detected
INFO:watchfiles.main:1 change detected
INFO:watchfiles.main:1 change detected
INFO:watchfiles.main:1 change detected
INFO:watchfiles.main:1 change detected
INFO:watchfiles.main:1 change detected
INFO:     127.0.0.1:59916 - "GET /health HTTP/1.1" 200 OK
INFO:watchfiles.main:1 change detected
INFO:watchfiles.main:1 change detected
INFO:watchfiles.main:1 change detected
INFO:watchfiles.main:1 change detected
INFO:watchfiles.main:1 change detected
INFO:watchfiles.main:1 change detected
INFO:watchfiles.main:1 change detected
INFO:watchfiles.main:1 change detected
INFO:watchfiles.main:1 change detected
INFO:watchfiles.main:1 change detected
INFO:watchfiles.main:1 change detected
INFO:watchfiles.main:1 change detected
INFO:watchfiles.main:1 change detected
INFO:watchfiles.main:1 change detected
INFO:watchfiles.main:1 change detected
INFO:watchfiles.main:1 change detected
INFO:watchfiles.main:1 change detected
INFO:watchfiles.main:1 change detected
INFO:watchfiles.main:1 change detected
INFO:watchfiles.main:1 change detected
INFO:     127.0.0.1:59922 - "GET /health HTTP/1.1" 200 OK
INFO:watchfiles.main:1 change detected
INFO:watchfiles.main:1 change detected
INFO:watchfiles.main:1 change detected
INFO:watchfiles.main:1 change detected
INFO:watchfiles.main:1 change detected
INFO:watchfiles.main:1 change detected
INFO:watchfiles.main:1 change detected
INFO:watchfiles.main:1 change detected
INFO:watchfiles.main:1 change detected
INFO:watchfiles.main:1 change detected
INFO:watchfiles.main:1 change detected
INFO:watchfiles.main:1 change detected
INFO:watchfiles.main:1 change detected
INFO:watchfiles.main:1 change detected
INFO:watchfiles.main:1 change detected
INFO:watchfiles.main:1 change detected
INFO:watchfiles.main:1 change detected
INFO:watchfiles.main:1 change detected
INFO:watchfiles.main:1 change detected
INFO:watchfiles.main:1 change detected
INFO:watchfiles.main:1 change detected
INFO:watchfiles.main:1 change detected
INFO:watchfiles.main:1 change detected
INFO:watchfiles.main:1 change detected
INFO:watchfiles.main:1 change detected
INFO:watchfiles.main:1 change detected
INFO:watchfiles.main:1 change detected
INFO:watchfiles.main:1 change detected
INFO:watchfiles.main:1 change detected
INFO:watchfiles.main:1 change detected
INFO:watchfiles.main:1 change detected
INFO:watchfiles.main:1 change detected
INFO:watchfiles.main:1 change detected
INFO:watchfiles.main:1 change detected
INFO:watchfiles.main:1 change detected
INFO:watchfiles.main:1 change detected
INFO:watchfiles.main:1 change detected
INFO:watchfiles.main:1 change detected
INFO:watchfiles.main:1 change detected
INFO:watchfiles.main:1 change detected
INFO:watchfiles.main:1 change detected
INFO:watchfiles.main:1 change detected
INFO:watchfiles.main:1 change detected
INFO:watchfiles.main:1 change detected
INFO:watchfiles.main:1 change detected
INFO:watchfiles.main:1 change detected
INFO:watchfiles.main:1 change detected
INFO:watchfiles.main:1 change detected
INFO:watchfiles.main:1 change detected
INFO:watchfiles.main:1 change detected
INFO:watchfiles.main:1 change detected
INFO:watchfiles.main:1 change detected
INFO:watchfiles.main:1 change detected
INFO:watchfiles.main:1 change detected
INFO:watchfiles.main:1 change detected
INFO:watchfiles.main:1 change detected
INFO:watchfiles.main:1 change detected
INFO:watchfiles.main:1 change detected
INFO:watchfiles.main:1 change detected
INFO:watchfiles.main:1 change detected
INFO:watchfiles.main:1 change detected
INFO:watchfiles.main:1 change detected
INFO:watchfiles.main:1 change detected
INFO:watchfiles.main:1 change detected
INFO:watchfiles.main:1 change detected
INFO:watchfiles.main:1 change detected
INFO:watchfiles.main:1 change detected
INFO:watchfiles.main:1 change detected
INFO:watchfiles.main:1 change detected
INFO:watchfiles.main:1 change detected
INFO:watchfiles.main:1 change detected
INFO:watchfiles.main:1 change detected
INFO:watchfiles.main:1 change detected
INFO:watchfiles.main:1 change detected
INFO:watchfiles.main:1 change detected
INFO:watchfiles.main:1 change detected
INFO:watchfiles.main:1 change detected
INFO:watchfiles.main:1 change detected
INFO:watchfiles.main:1 change detected
INFO:watchfiles.main:1 change detected
INFO:watchfiles.main:1 change detected
INFO:watchfiles.main:1 change detected
INFO:watchfiles.main:1 change detected
INFO:watchfiles.main:1 change detected
INFO:watchfiles.main:1 change detected
INFO:watchfiles.main:1 change detected
INFO:watchfiles.main:1 change detected
INFO:watchfiles.main:1 change detected
INFO:watchfiles.main:1 change detected
INFO:watchfiles.main:1 change detected
INFO:watchfiles.main:1 change detected
INFO:watchfiles.main:1 change detected
INFO:watchfiles.main:1 change detected
INFO:watchfiles.main:1 change detected
INFO:watchfiles.main:1 change detected
INFO:watchfiles.main:1 change detected
INFO:watchfiles.main:1 change detected
INFO:watchfiles.main:1 change detected
INFO:watchfiles.main:1 change detected
INFO:watchfiles.main:1 change detected
INFO:watchfiles.main:1 change detected
INFO:watchfiles.main:1 change detected
INFO:watchfiles.main:1 change detected
INFO:watchfiles.main:1 change detected
INFO:watchfiles.main:1 change detected
INFO:watchfiles.main:1 change detected
INFO:watchfiles.main:1 change detected
INFO:watchfiles.main:1 change detected
INFO:watchfiles.main:1 change detected
INFO:watchfiles.main:1 change detected
INFO:watchfiles.main:1 change detected
INFO:watchfiles.main:1 change detected
INFO:watchfiles.main:1 change detected
INFO:watchfiles.main:1 change detected
INFO:watchfiles.main:1 change detected
INFO:watchfiles.main:1 change detected
INFO:watchfiles.main:1 change detected
INFO:watchfiles.main:1 change detected
INFO:watchfiles.main:1 change detected
INFO:watchfiles.main:1 change detected
INFO:watchfiles.main:1 change detected
INFO:watchfiles.main:1 change detected
INFO:watchfiles.main:1 change detected
INFO:watchfiles.main:1 change detected
INFO:watchfiles.main:1 change detected
INFO:watchfiles.main:1 change detected
INFO:watchfiles.main:1 change detected
INFO:watchfiles.main:1 change detected
INFO:watchfiles.main:1 change detected
INFO:watchfiles.main:1 change detected
INFO:watchfiles.main:1 change detected
INFO:watchfiles.main:1 change detected
INFO:watchfiles.main:1 change detected
INFO:watchfiles.main:1 change detected
INFO:watchfiles.main:1 change detected
INFO:watchfiles.main:1 change detected
INFO:watchfiles.main:1 change detected
INFO:watchfiles.main:1 change detected
INFO:watchfiles.main:1 change detected
INFO:watchfiles.main:1 change detected
INFO:watchfiles.main:1 change detected
INFO:watchfiles.main:1 change detected
INFO:watchfiles.main:1 change detected
INFO:watchfiles.main:1 change detected
INFO:watchfiles.main:1 change detected
INFO:watchfiles.main:1 change detected
INFO:watchfiles.main:1 change detected
INFO:watchfiles.main:1 change detected
INFO:watchfiles.main:1 change detected
INFO:watchfiles.main:1 change detected
INFO:watchfiles.main:1 change detected
INFO:watchfiles.main:1 change detected
